Arguments: 
  C:\Program Files\nodejs\node.exe C:\Program Files (x86)\Yarn\bin\yarn.js add vue3-roulette

PATH: 
  C:\Program Files\PowerShell\7;C:\Program Files\Common Files\Oracle\Java\javapath;C:\Program Files\Microsoft\jdk-11.0.16.101-hotspot\bin;C:\WINDOWS\system32;C:\WINDOWS;C:\WINDOWS\System32\Wbem;C:\WINDOWS\System32\WindowsPowerShell\v1.0\;C:\WINDOWS\System32\OpenSSH\;C:\Program Files (x86)\Yarn\bin\;C:\ProgramData\chocolatey\bin;C:\Program Files\Git\cmd;C:\Program Files\dotnet\;C:\Program Files\Microsoft SQL Server\150\Tools\Binn\;C:\Program Files\PuTTY\;C:\Program Files\Mongosh\mongosh-1.10.5-win32-x64\bin\;C:\xampp\php;C:\ProgramData\ComposerSetup\bin;C:\Users\rolis\AppData\Roaming\nvm;C:\Program Files\nodejs;C:\Program Files\Amazon\AWSCLIV2\;C:\Program Files\nodejs\;C:\Program Files\Docker\Docker\resources\bin;C:\Program Files\PowerShell\7-preview\preview;C:\Program Files\PowerShell\7\;C:\Users\rolis\AppData\Local\Programs\Python\Python311\Scripts\;C:\Users\rolis\AppData\Local\Programs\Python\Python311\;C:\Users\rolis\AppData\Local\Microsoft\WindowsApps;C:\Users\rolis\AppData\Local\Programs\Microsoft VS Code\bin;C:\Users\rolis\AppData\Local\Yarn\bin;C:\Users\rolis\.dotnet\tools;C:\Users\rolis\AppData\Local\Programs\mongosh\;C:\Users\rolis\AppData\Roaming\Composer\vendor\bin;C:\Users\rolis\AppData\Roaming\nvm;C:\Program Files\nodejs;C:\Program Files\JetBrains\IntelliJ IDEA 2023.3.4\bin;;C:\Program Files\JetBrains\IntelliJ IDEA Community Edition 2023.3.4\bin;;C:\Users\rolis\AppData\Roaming\npm;C:\Users\rolis\AppData\Local\Microsoft\WinGet\Packages\jqlang.jq_Microsoft.Winget.Source_8wekyb3d8bbwe;

Yarn version: 
  1.22.19

Node version: 
  21.7.1

Platform: 
  win32 x64

Trace: 
  Error: EPERM: operation not permitted, unlink 'C:\Dev\private_projects\happy-birthday-spinner\vue-wheel-spinner\node_modules\@esbuild\win32-x64\esbuild.exe'

npm manifest: 
  {
    "name": "vue-wheel-spinner",
    "version": "0.2.7",
    "description": "A Vue.js component that provides wheel spinner",
    "main": "src/main.js",
    "homepage": "https://github.com/ilyasozkurt/vue-wheel-spinner",
    "scripts": {
      "dev": "vite",
      "build": "vite build"
    },
    "author": {
      "name": "İlyas Özkurt",
      "email": "ilyasozkurt@gmail.com"
    },
    "license": "MIT",
    "dependencies": {
      "@vitejs/plugin-vue": "^5.0.5",
      "vue": "^3.4.21",
      "vue-wheel-spinner": "^0.2.7"
    },
    "repository": {
      "type": "git",
      "url": "https://github.com/ilyasozkurt/vue-wheel-spinner.git"
    },
    "bugs": {
      "url": "https://github.com/ilyasozkurt/vue-wheel-spinner/issues"
    },
    "keywords": [
      "vue",
      "custom",
      "wheel",
      "spinner",
      "wheel of fortune"
    ],
    "devDependencies": {
      "vite": "^5.4.10"
    }
  }

yarn manifest: 
  No manifest

Lockfile: 
  No lockfile
